[debug] [2023-07-30T16:14:38.745Z] ----------------------------------------------------------------------
[debug] [2023-07-30T16:14:38.746Z] Command:       /usr/local/bin/node /Users/bodhaanshravipati/.npm-global/bin/firebase deploy --force
[debug] [2023-07-30T16:14:38.746Z] CLI Version:   12.4.6
[debug] [2023-07-30T16:14:38.747Z] Platform:      darwin
[debug] [2023-07-30T16:14:38.747Z] Node Version:  v18.13.0
[debug] [2023-07-30T16:14:38.748Z] Time:          Sun Jul 30 2023 11:14:38 GMT-0500 (Central Daylight Time)
[debug] [2023-07-30T16:14:38.748Z] ----------------------------------------------------------------------
[debug] 
[debug] [2023-07-30T16:14:38.780Z] > command requires scopes: ["email","openid","https://www.googleapis.com/auth/cloudplatformprojects.readonly","https://www.googleapis.com/auth/firebase","https://www.googleapis.com/auth/cloud-platform"]
[debug] [2023-07-30T16:14:38.780Z] > authorizing via signed-in user (bodhaansh@gmail.com)
[debug] [2023-07-30T16:14:38.780Z] [iam] checking project clr-project-d126e for permissions ["firebase.projects.get","firebasedatabase.instances.update","firebasehosting.sites.update"]
[debug] [2023-07-30T16:14:38.781Z] >>> [apiv2][query] POST https://cloudresourcemanager.googleapis.com/v1/projects/clr-project-d126e:testIamPermissions [none]
[debug] [2023-07-30T16:14:38.781Z] >>> [apiv2][(partial)header] POST https://cloudresourcemanager.googleapis.com/v1/projects/clr-project-d126e:testIamPermissions x-goog-quota-user=projects/clr-project-d126e
[debug] [2023-07-30T16:14:38.782Z] >>> [apiv2][body] POST https://cloudresourcemanager.googleapis.com/v1/projects/clr-project-d126e:testIamPermissions {"permissions":["firebase.projects.get","firebasedatabase.instances.update","firebasehosting.sites.update"]}
[debug] [2023-07-30T16:14:38.983Z] <<< [apiv2][status] POST https://cloudresourcemanager.googleapis.com/v1/projects/clr-project-d126e:testIamPermissions 200
[debug] [2023-07-30T16:14:38.984Z] <<< [apiv2][body] POST https://cloudresourcemanager.googleapis.com/v1/projects/clr-project-d126e:testIamPermissions {"permissions":["firebase.projects.get","firebasedatabase.instances.update","firebasehosting.sites.update"]}
[debug] [2023-07-30T16:14:38.986Z] >>> [apiv2][query] GET https://firebase.googleapis.com/v1beta1/projects/clr-project-d126e [none]
[debug] [2023-07-30T16:14:39.264Z] <<< [apiv2][status] GET https://firebase.googleapis.com/v1beta1/projects/clr-project-d126e 200
[debug] [2023-07-30T16:14:39.264Z] <<< [apiv2][body] GET https://firebase.googleapis.com/v1beta1/projects/clr-project-d126e {"projectId":"clr-project-d126e","projectNumber":"795885607945","displayName":"CLR-Project","name":"projects/clr-project-d126e","resources":{"hostingSite":"clr-project-d126e","realtimeDatabaseInstance":"clr-project-d126e-default-rtdb"},"state":"ACTIVE","etag":"1_4a38a214-000f-4175-874a-900a81bde0cb"}
[debug] [2023-07-30T16:14:39.264Z] >>> [apiv2][query] GET https://firebase.googleapis.com/v1beta1/projects/clr-project-d126e [none]
[debug] [2023-07-30T16:14:39.428Z] <<< [apiv2][status] GET https://firebase.googleapis.com/v1beta1/projects/clr-project-d126e 200
[debug] [2023-07-30T16:14:39.428Z] <<< [apiv2][body] GET https://firebase.googleapis.com/v1beta1/projects/clr-project-d126e {"projectId":"clr-project-d126e","projectNumber":"795885607945","displayName":"CLR-Project","name":"projects/clr-project-d126e","resources":{"hostingSite":"clr-project-d126e","realtimeDatabaseInstance":"clr-project-d126e-default-rtdb"},"state":"ACTIVE","etag":"1_4a38a214-000f-4175-874a-900a81bde0cb"}
[debug] [2023-07-30T16:14:40.716Z] >>> [apiv2][query] GET https://firebasehosting.googleapis.com/v1beta1/projects/clr-project-d126e/sites pageToken=&pageSize=10
[debug] [2023-07-30T16:14:41.111Z] <<< [apiv2][status] GET https://firebasehosting.googleapis.com/v1beta1/projects/clr-project-d126e/sites 200
[debug] [2023-07-30T16:14:41.111Z] <<< [apiv2][body] GET https://firebasehosting.googleapis.com/v1beta1/projects/clr-project-d126e/sites {"sites":[{"name":"projects/clr-project-d126e/sites/clr-project-d126e","defaultUrl":"https://clr-project-d126e.web.app","appId":"1:795885607945:web:ebd3d5662fffcf3097acd8","type":"DEFAULT_SITE"}]}
[debug] [2023-07-30T16:14:41.113Z] >>> [apiv2][query] GET https://firebase.googleapis.com/v1beta1/projects/-/webApps/1:795885607945:web:ebd3d5662fffcf3097acd8/config [none]
[debug] [2023-07-30T16:14:41.548Z] <<< [apiv2][status] GET https://firebase.googleapis.com/v1beta1/projects/-/webApps/1:795885607945:web:ebd3d5662fffcf3097acd8/config 200
[debug] [2023-07-30T16:14:41.548Z] <<< [apiv2][body] GET https://firebase.googleapis.com/v1beta1/projects/-/webApps/1:795885607945:web:ebd3d5662fffcf3097acd8/config {"projectId":"clr-project-d126e","appId":"1:795885607945:web:ebd3d5662fffcf3097acd8","databaseURL":"https://clr-project-d126e-default-rtdb.firebaseio.com","storageBucket":"clr-project-d126e.appspot.com","apiKey":"AIzaSyDdGwXJLvwKvMYfJwIn4NNlqhXYzJSa9SE","authDomain":"clr-project-d126e.firebaseapp.com","messagingSenderId":"795885607945","measurementId":"G-KRZ038HLWT"}
[info] 
   Thank you for trying our early preview of Next.js support on Firebase Hosting.
   During the preview, support is best-effort and breaking changes can be expected. Proceed with caution.

   Documentation: https://firebase.google.com/docs/hosting/frameworks/nextjs
   File a bug: https://github.com/firebase/firebase-tools/issues/new?template=bug_report.md
   Submit a feature request: https://github.com/firebase/firebase-tools/issues/new?template=feature_request.md

   We'd love to learn from you. Express your interest in helping us shape the future of Firebase Hosting: https://goo.gle/41enW5X

[info] - info Creating an optimized production build...

[info] - info Compiled successfully

[info] - info Linting and checking validity of types...

[info] 
./src/app/[userID]/page.js
46:8  Warning: React Hook useEffect has missing dependencies: 'params.userID' and 'userDataJSON'. Either include them or remove the dependency array.  react-hooks/exhaustive-deps

info  - Need to disable some ESLint rules? Learn more here: https://nextjs.org/docs/basic-features/eslint#disabling-rules

[info] - info Collecting page data...

[info] - info Generating static pages (0/4)

[info] - info Generating static pages (1/4)

[info] - info Generating static pages (2/4)

[info] - info Generating static pages (3/4)

[info] - info Generating static pages (4/4)

[info] - info Finalizing page optimization...

[info] 

[info] Route (app)                                Size     First Load JS
┌ ○ /                                      6.91 kB         177 kB
├ λ /[userID]                              1.78 kB         172 kB
└ ○ /favicon.ico                           0 B                0 B
+ First Load JS shared by all              78.2 kB
  ├ chunks/596-9094d02288b2db05.js         25.7 kB
  ├ chunks/fd9d1056-29b1289673c8770b.js    50.5 kB
  ├ chunks/main-app-99805e1334c180e9.js    214 B
  └ chunks/webpack-a2d335933a05bf1f.js     1.73 kB

Route (pages)                              Size     First Load JS
─ ○ /404                                   182 B          75.7 kB
+ First Load JS shared by all              75.5 kB
  ├ chunks/framework-8883d1e9be70c3da.js   45 kB
  ├ chunks/main-1710cefc469e610b.js        28.5 kB
  ├ chunks/pages/_app-52924524f99094ab.js  195 B
  └ chunks/webpack-a2d335933a05bf1f.js     1.73 kB

[info] 
λ  (Server)  server-side renders at runtime (uses getInitialProps or getServerSideProps)
○  (Static)  automatically rendered as static HTML (uses no initial props)


[info] Building a Cloud Function to run this application. This is needed due to:
[info]  • non-static component /[userID]/page
[info] 
[debug] [2023-07-30T16:14:55.414Z] Error: Command failed: npm i --omit dev --no-audit
    at checkExecSyncError (node:child_process:885:11)
    at execSync (node:child_process:957:15)
    at prepareFrameworks (/Users/bodhaanshravipati/.npm-global/lib/node_modules/firebase-tools/lib/frameworks/index.js:367:42)
    at async deploy (/Users/bodhaanshravipati/.npm-global/lib/node_modules/firebase-tools/lib/deploy/index.js:55:13)
[error] 
[error] Error: An unexpected error has occurred.
[debug] [2023-07-30T16:23:04.911Z] ----------------------------------------------------------------------
[debug] [2023-07-30T16:23:04.912Z] Command:       /usr/local/bin/node /Users/bodhaanshravipati/.npm-global/bin/firebase deploy
[debug] [2023-07-30T16:23:04.912Z] CLI Version:   12.4.6
[debug] [2023-07-30T16:23:04.912Z] Platform:      darwin
[debug] [2023-07-30T16:23:04.912Z] Node Version:  v18.13.0
[debug] [2023-07-30T16:23:04.914Z] Time:          Sun Jul 30 2023 11:23:04 GMT-0500 (Central Daylight Time)
[debug] [2023-07-30T16:23:04.914Z] ----------------------------------------------------------------------
[debug] 
[debug] [2023-07-30T16:23:04.944Z] Object "" in "firebase.json" has unknown property: {"additionalProperty":"rewrites"}
[debug] [2023-07-30T16:23:04.946Z] > command requires scopes: ["email","openid","https://www.googleapis.com/auth/cloudplatformprojects.readonly","https://www.googleapis.com/auth/firebase","https://www.googleapis.com/auth/cloud-platform"]
[debug] [2023-07-30T16:23:04.946Z] > authorizing via signed-in user (bodhaansh@gmail.com)
[debug] [2023-07-30T16:23:04.947Z] [iam] checking project clr-project-d126e for permissions ["firebase.projects.get","firebasedatabase.instances.update","firebasehosting.sites.update"]
[debug] [2023-07-30T16:23:04.947Z] >>> [apiv2][query] POST https://cloudresourcemanager.googleapis.com/v1/projects/clr-project-d126e:testIamPermissions [none]
[debug] [2023-07-30T16:23:04.948Z] >>> [apiv2][(partial)header] POST https://cloudresourcemanager.googleapis.com/v1/projects/clr-project-d126e:testIamPermissions x-goog-quota-user=projects/clr-project-d126e
[debug] [2023-07-30T16:23:04.948Z] >>> [apiv2][body] POST https://cloudresourcemanager.googleapis.com/v1/projects/clr-project-d126e:testIamPermissions {"permissions":["firebase.projects.get","firebasedatabase.instances.update","firebasehosting.sites.update"]}
[debug] [2023-07-30T16:23:05.120Z] <<< [apiv2][status] POST https://cloudresourcemanager.googleapis.com/v1/projects/clr-project-d126e:testIamPermissions 200
[debug] [2023-07-30T16:23:05.121Z] <<< [apiv2][body] POST https://cloudresourcemanager.googleapis.com/v1/projects/clr-project-d126e:testIamPermissions {"permissions":["firebase.projects.get","firebasedatabase.instances.update","firebasehosting.sites.update"]}
[debug] [2023-07-30T16:23:05.121Z] >>> [apiv2][query] GET https://firebase.googleapis.com/v1beta1/projects/clr-project-d126e [none]
[debug] [2023-07-30T16:23:05.384Z] <<< [apiv2][status] GET https://firebase.googleapis.com/v1beta1/projects/clr-project-d126e 200
[debug] [2023-07-30T16:23:05.385Z] <<< [apiv2][body] GET https://firebase.googleapis.com/v1beta1/projects/clr-project-d126e {"projectId":"clr-project-d126e","projectNumber":"795885607945","displayName":"CLR-Project","name":"projects/clr-project-d126e","resources":{"hostingSite":"clr-project-d126e","realtimeDatabaseInstance":"clr-project-d126e-default-rtdb"},"state":"ACTIVE","etag":"1_4a38a214-000f-4175-874a-900a81bde0cb"}
[debug] [2023-07-30T16:23:05.386Z] >>> [apiv2][query] GET https://firebase.googleapis.com/v1beta1/projects/clr-project-d126e [none]
[debug] [2023-07-30T16:23:05.770Z] <<< [apiv2][status] GET https://firebase.googleapis.com/v1beta1/projects/clr-project-d126e 200
[debug] [2023-07-30T16:23:05.770Z] <<< [apiv2][body] GET https://firebase.googleapis.com/v1beta1/projects/clr-project-d126e {"projectId":"clr-project-d126e","projectNumber":"795885607945","displayName":"CLR-Project","name":"projects/clr-project-d126e","resources":{"hostingSite":"clr-project-d126e","realtimeDatabaseInstance":"clr-project-d126e-default-rtdb"},"state":"ACTIVE","etag":"1_4a38a214-000f-4175-874a-900a81bde0cb"}
[debug] [2023-07-30T16:23:07.107Z] >>> [apiv2][query] GET https://firebasehosting.googleapis.com/v1beta1/projects/clr-project-d126e/sites pageToken=&pageSize=10
[debug] [2023-07-30T16:23:07.503Z] <<< [apiv2][status] GET https://firebasehosting.googleapis.com/v1beta1/projects/clr-project-d126e/sites 200
[debug] [2023-07-30T16:23:07.503Z] <<< [apiv2][body] GET https://firebasehosting.googleapis.com/v1beta1/projects/clr-project-d126e/sites {"sites":[{"name":"projects/clr-project-d126e/sites/clr-project-d126e","defaultUrl":"https://clr-project-d126e.web.app","appId":"1:795885607945:web:ebd3d5662fffcf3097acd8","type":"DEFAULT_SITE"}]}
[debug] [2023-07-30T16:23:07.504Z] >>> [apiv2][query] GET https://firebase.googleapis.com/v1beta1/projects/-/webApps/1:795885607945:web:ebd3d5662fffcf3097acd8/config [none]
[debug] [2023-07-30T16:23:07.922Z] <<< [apiv2][status] GET https://firebase.googleapis.com/v1beta1/projects/-/webApps/1:795885607945:web:ebd3d5662fffcf3097acd8/config 200
[debug] [2023-07-30T16:23:07.923Z] <<< [apiv2][body] GET https://firebase.googleapis.com/v1beta1/projects/-/webApps/1:795885607945:web:ebd3d5662fffcf3097acd8/config {"projectId":"clr-project-d126e","appId":"1:795885607945:web:ebd3d5662fffcf3097acd8","databaseURL":"https://clr-project-d126e-default-rtdb.firebaseio.com","storageBucket":"clr-project-d126e.appspot.com","apiKey":"AIzaSyDdGwXJLvwKvMYfJwIn4NNlqhXYzJSa9SE","authDomain":"clr-project-d126e.firebaseapp.com","messagingSenderId":"795885607945","measurementId":"G-KRZ038HLWT"}
[info] 
   Thank you for trying our early preview of Next.js support on Firebase Hosting.
   During the preview, support is best-effort and breaking changes can be expected. Proceed with caution.

   Documentation: https://firebase.google.com/docs/hosting/frameworks/nextjs
   File a bug: https://github.com/firebase/firebase-tools/issues/new?template=bug_report.md
   Submit a feature request: https://github.com/firebase/firebase-tools/issues/new?template=feature_request.md

   We'd love to learn from you. Express your interest in helping us shape the future of Firebase Hosting: https://goo.gle/41enW5X

[info] - info Creating an optimized production build...

[info] - info Compiled successfully

[info] - info Linting and checking validity of types...

[info] 
./src/app/[userID]/page.js
46:8  Warning: React Hook useEffect has missing dependencies: 'params.userID' and 'userDataJSON'. Either include them or remove the dependency array.  react-hooks/exhaustive-deps

info  - Need to disable some ESLint rules? Learn more here: https://nextjs.org/docs/basic-features/eslint#disabling-rules

[info] - info Collecting page data...

[info] - info Generating static pages (0/4)

[info] - info Generating static pages (1/4)

[info] - info Generating static pages (2/4)

[info] - info Generating static pages (3/4)

[info] - info Generating static pages (4/4)

[info] - info Finalizing page optimization...

[info] 

[info] Route (app)                                Size     First Load JS
┌ ○ /                                      6.91 kB         177 kB
├ λ /[userID]                              1.78 kB         172 kB
└ ○ /favicon.ico                           0 B                0 B
+ First Load JS shared by all              78.2 kB
  ├ chunks/596-9094d02288b2db05.js         25.7 kB
  ├ chunks/fd9d1056-29b1289673c8770b.js    50.5 kB
  ├ chunks/main-app-99805e1334c180e9.js    214 B
  └ chunks/webpack-a2d335933a05bf1f.js     1.73 kB

Route (pages)                              Size     First Load JS
─ ○ /404                                   182 B          75.7 kB
+ First Load JS shared by all              75.5 kB
  ├ chunks/framework-8883d1e9be70c3da.js   45 kB
  ├ chunks/main-1710cefc469e610b.js        28.5 kB
  ├ chunks/pages/_app-52924524f99094ab.js  195 B
  └ chunks/webpack-a2d335933a05bf1f.js     1.73 kB


[info] λ  (Server)  server-side renders at runtime (uses getInitialProps or getServerSideProps)
○  (Static)  automatically rendered as static HTML (uses no initial props)


[info] Building a Cloud Function to run this application. This is needed due to:
[info]  • non-static component /[userID]/page
[info] 
[debug] [2023-07-30T16:23:24.505Z] Error: Command failed: npm i --omit dev --no-audit
    at checkExecSyncError (node:child_process:885:11)
    at execSync (node:child_process:957:15)
    at prepareFrameworks (/Users/bodhaanshravipati/.npm-global/lib/node_modules/firebase-tools/lib/frameworks/index.js:367:42)
    at async deploy (/Users/bodhaanshravipati/.npm-global/lib/node_modules/firebase-tools/lib/deploy/index.js:55:13)
[error] 
[error] Error: An unexpected error has occurred.
